c:\users\flux\source\repos\tempconvert\tempconvert\x64\release\vc143.pdb
c:\users\flux\source\repos\tempconvert\tempconvert\x64\release\temperatureconversion.obj
c:\users\flux\source\repos\tempconvert\tempconvert\x64\release\tempconvert.obj
c:\users\flux\source\repos\tempconvert\tempconvert\x64\release\globals.obj
c:\users\flux\source\repos\tempconvert\tempconvert\x64\release\argparser.obj
c:\users\flux\source\repos\tempconvert\x64\release\tempconvert.exe
c:\users\flux\source\repos\tempconvert\tempconvert\x64\release\tempconvert.ipdb
c:\users\flux\source\repos\tempconvert\x64\release\tempconvert.pdb
c:\users\flux\source\repos\tempconvert\tempconvert\x64\release\tempconvert.iobj
c:\users\flux\source\repos\tempconvert\tempconvert\x64\release\resource.res
c:\users\flux\source\repos\tempconvert\tempconvert\x64\release\tempconvert.tlog\cl.command.1.tlog
c:\users\flux\source\repos\tempconvert\tempconvert\x64\release\tempconvert.tlog\cl.items.tlog
c:\users\flux\source\repos\tempconvert\tempconvert\x64\release\tempconvert.tlog\cl.read.1.tlog
c:\users\flux\source\repos\tempconvert\tempconvert\x64\release\tempconvert.tlog\cl.write.1.tlog
c:\users\flux\source\repos\tempconvert\tempconvert\x64\release\tempconvert.tlog\link.command.1.tlog
c:\users\flux\source\repos\tempconvert\tempconvert\x64\release\tempconvert.tlog\link.read.1.tlog
c:\users\flux\source\repos\tempconvert\tempconvert\x64\release\tempconvert.tlog\link.write.1.tlog
c:\users\flux\source\repos\tempconvert\tempconvert\x64\release\tempconvert.tlog\rc.command.1.tlog
c:\users\flux\source\repos\tempconvert\tempconvert\x64\release\tempconvert.tlog\rc.read.1.tlog
c:\users\flux\source\repos\tempconvert\tempconvert\x64\release\tempconvert.tlog\rc.write.1.tlog
